[04/Nov/2019:11:31:16] (ℹ️): WordPress Instance Info:
[04/Nov/2019:11:31:16] (ℹ️): Home URL : https://obmen-ka.com
[04/Nov/2019:11:31:16] (ℹ️): Site URL : https://obmen-ka.com
[04/Nov/2019:11:31:16] (ℹ️): WordPress Version : 5.2.4
[04/Nov/2019:11:31:16] (ℹ️): Onboarding Version : 1.7.6
[04/Nov/2019:11:31:16] (ℹ️): Multisite : No
[04/Nov/2019:11:31:16] (ℹ️): Server Info : LiteSpeed
[04/Nov/2019:11:31:16] (ℹ️): PHP Version : 5.6.40
[04/Nov/2019:11:31:16] (ℹ️): HTTPS : Yes
[04/Nov/2019:11:31:16] (ℹ️): PHP Max Execution Time : 30
[04/Nov/2019:11:31:16] (ℹ️): PHP Max Input Vars : 1000
[04/Nov/2019:11:31:16] (ℹ️): Max Upload Size : 67108864
[04/Nov/2019:11:31:16] (ℹ️): Plugins:
[04/Nov/2019:11:31:16] (ℹ️): [PLUGIN] Duplicate Page : v4.0 (mndpsingh287)
[04/Nov/2019:11:31:16] (ℹ️): [PLUGIN] Easy Charts : v1.2.1 (Kiran Potphode)
[04/Nov/2019:11:31:16] (ℹ️): [PLUGIN] Elementor : v2.7.4 (Elementor.com)
[04/Nov/2019:11:31:16] (ℹ️): [PLUGIN] Essential Addons for Elementor : v3.4.0 (WPDeveloper)
[04/Nov/2019:11:31:16] (ℹ️): [PLUGIN] LiteSpeed Cache : v2.9.5 (LiteSpeed Technologies)
[04/Nov/2019:11:31:16] (ℹ️): [PLUGIN] Loco Translate : v2.3.1 (Tim Whitlock)
[04/Nov/2019:11:31:16] (ℹ️): [PLUGIN] M Chart : v1.7.7 (Jamie Poitra)
[04/Nov/2019:11:31:16] (ℹ️): [PLUGIN] Mesmerize Companion : v1.6.110 (Horea Radu)
[04/Nov/2019:11:31:16] (ℹ️): [PLUGIN] Gutenberg Blocks and Template Library by Otter : v1.2.5 (ThemeIsle)
[04/Nov/2019:11:31:16] (ℹ️): [PLUGIN] Page scroll to id : v1.6.6 (malihu)
[04/Nov/2019:11:31:16] (ℹ️): [PLUGIN] Smart Slider 3 : v3.3.22 (Nextend)
[04/Nov/2019:11:31:16] (ℹ️): [PLUGIN] Visualizer: Tables and Charts Manager for WordPress : v3.3.2 (Themeisle)
[04/Nov/2019:11:31:16] (ℹ️): [PLUGIN] Smush : v3.3.1 (WPMU DEV)
[04/Nov/2019:11:31:16] (ℹ️): [PLUGIN] wpDataTables - Tables &amp; Table Charts : v2.0.14 (TMS-Plugins)
[04/Nov/2019:11:31:16] (ℹ️): [PLUGIN] WPForms Lite : v1.5.6 (WPForms)
